mode: set
github.com/delarean/consterrorreturn/consterrorreturn.go:20.52,21.34 1 1
github.com/delarean/consterrorreturn/consterrorreturn.go:21.34,22.43 1 1
github.com/delarean/consterrorreturn/consterrorreturn.go:22.43,24.11 2 1
github.com/delarean/consterrorreturn/consterrorreturn.go:24.11,26.5 1 1
github.com/delarean/consterrorreturn/consterrorreturn.go:28.4,29.23 2 1
github.com/delarean/consterrorreturn/consterrorreturn.go:29.23,31.5 1 1
github.com/delarean/consterrorreturn/consterrorreturn.go:33.4,33.54 1 1
github.com/delarean/consterrorreturn/consterrorreturn.go:33.54,35.12 2 1
github.com/delarean/consterrorreturn/consterrorreturn.go:35.12,37.6 1 1
github.com/delarean/consterrorreturn/consterrorreturn.go:39.5,39.45 1 1
github.com/delarean/consterrorreturn/consterrorreturn.go:39.45,40.54 1 1
github.com/delarean/consterrorreturn/consterrorreturn.go:40.54,41.15 1 1
github.com/delarean/consterrorreturn/consterrorreturn.go:44.6,44.56 1 1
github.com/delarean/consterrorreturn/consterrorreturn.go:44.56,46.7 1 1
github.com/delarean/consterrorreturn/consterrorreturn.go:48.5,48.16 1 1
github.com/delarean/consterrorreturn/consterrorreturn.go:51.4,51.15 1 1
github.com/delarean/consterrorreturn/consterrorreturn.go:54.2,54.17 1 1
github.com/delarean/consterrorreturn/consterrorreturn.go:57.48,59.36 2 1
github.com/delarean/consterrorreturn/consterrorreturn.go:59.36,61.3 1 1
github.com/delarean/consterrorreturn/consterrorreturn.go:63.2,65.33 2 1
github.com/delarean/consterrorreturn/consterrorreturn.go:65.33,68.3 2 1
github.com/delarean/consterrorreturn/consterrorreturn.go:70.2,70.63 1 1
github.com/delarean/consterrorreturn/consterrorreturn.go:70.63,72.3 1 1
github.com/delarean/consterrorreturn/consterrorreturn.go:74.2,74.63 1 1
github.com/delarean/consterrorreturn/consterrorreturn.go:74.63,76.3 1 1
github.com/delarean/consterrorreturn/consterrorreturn.go:78.2,78.12 1 1
github.com/delarean/consterrorreturn/consterrorreturn.go:81.92,82.32 1 1
github.com/delarean/consterrorreturn/consterrorreturn.go:83.18,84.36 1 1
github.com/delarean/consterrorreturn/consterrorreturn.go:85.21,86.50 1 1
github.com/delarean/consterrorreturn/consterrorreturn.go:86.50,87.90 1 1
github.com/delarean/consterrorreturn/consterrorreturn.go:87.90,88.27 1 1
github.com/delarean/consterrorreturn/consterrorreturn.go:88.27,90.6 1 1
github.com/delarean/consterrorreturn/consterrorreturn.go:91.5,92.56 2 1
github.com/delarean/consterrorreturn/consterrorreturn.go:92.56,94.6 1 1
github.com/delarean/consterrorreturn/consterrorreturn.go:96.5,96.39 1 1
github.com/delarean/consterrorreturn/consterrorreturn.go:96.39,97.80 1 1
github.com/delarean/consterrorreturn/consterrorreturn.go:97.80,99.7 1 1
github.com/delarean/consterrorreturn/consterrorreturn.go:104.2,104.14 1 1
github.com/delarean/consterrorreturn/consterrorreturn.go:107.37,108.14 1 1
github.com/delarean/consterrorreturn/consterrorreturn.go:108.14,110.3 1 1
github.com/delarean/consterrorreturn/consterrorreturn.go:111.2,112.39 2 1
